<?xml version="1.0" encoding="UTF-8"?>
<testng-results ignored="0" total="1" passed="1" failed="0" skipped="0">
  <reporter-output>
  </reporter-output>
  <suite started-at="2023-04-30T00:11:34Z" name="Default suite" finished-at="2023-04-30T00:11:37Z" duration-ms="3218">
    <groups>
      <group name="cucumber">
        <method signature="AbstractTestNGCucumberTests.runScenario(io.cucumber.testng.PickleWrapper, io.cucumber.testng.FeatureWrapper)[pri:0, instance:luma.usa.myrunnertest.MyRunner@59a008ba]" name="runScenario" class="io.cucumber.testng.AbstractTestNGCucumberTests"/>
      </group> <!-- cucumber -->
    </groups>
    <test started-at="2023-04-30T00:11:34Z" name="Default test" finished-at="2023-04-30T00:11:37Z" duration-ms="3218">
      <class name="luma.usa.myrunnertest.MyRunner">
        <test-method is-config="true" signature="setUpClass()[pri:0, instance:luma.usa.myrunnertest.MyRunner@59a008ba]" started-at="2023-04-30T00:11:34Z" name="setUpClass" finished-at="2023-04-30T00:11:34Z" duration-ms="175" status="PASS">
          <reporter-output>
          </reporter-output>
        </test-method> <!-- setUpClass -->
        <test-method signature="runScenario(io.cucumber.testng.PickleWrapper, io.cucumber.testng.FeatureWrapper)[pri:0, instance:luma.usa.myrunnertest.MyRunner@59a008ba]" started-at="2023-04-30T00:11:34Z" name="runScenario" description="Runs Cucumber Scenarios" data-provider="scenarios" finished-at="2023-04-30T00:11:37Z" duration-ms="3026" status="PASS">
          <params>
            <param index="0">
              <value>
                <![CDATA["User Able To Login, Purchase And Download Invoice."]]>
              </value>
            </param>
            <param index="1">
              <value>
                <![CDATA["Optional[Valid Users Able To Download Invoice after purchase the order.]"]]>
              </value>
            </param>
          </params>
          <reporter-output>
          </reporter-output>
        </test-method> <!-- runScenario -->
        <test-method is-config="true" signature="tearDownClass()[pri:0, instance:luma.usa.myrunnertest.MyRunner@59a008ba]" started-at="2023-04-30T00:11:37Z" name="tearDownClass" finished-at="2023-04-30T00:11:37Z" duration-ms="5" status="PASS">
          <reporter-output>
          </reporter-output>
        </test-method> <!-- tearDownClass -->
      </class> <!-- luma.usa.myrunnertest.MyRunner -->
    </test> <!-- Default test -->
  </suite> <!-- Default suite -->
</testng-results>
